TN:
SF:src\app\app.component.ts
FNF:0
FNH:0
DA:6,1
LF:1
LH:1
BRF:0
BRH:0
end_of_record
TN:
SF:src\app\client\client-dashboard.component.ts
FN:83,(anonymous_0)
FN:85,(anonymous_1)
FN:89,(anonymous_2)
FN:94,(anonymous_3)
FN:98,(anonymous_4)
FN:99,(anonymous_5)
FN:102,(anonymous_6)
FN:103,(anonymous_7)
FN:106,(anonymous_8)
FN:115,(anonymous_9)
FN:125,(anonymous_10)
FN:131,(anonymous_11)
FN:138,(anonymous_12)
FN:142,(anonymous_13)
FN:149,(anonymous_14)
FN:156,(anonymous_15)
FNF:16
FNH:8
FNDA:7,(anonymous_0)
FNDA:1,(anonymous_1)
FNDA:1,(anonymous_2)
FNDA:1,(anonymous_3)
FNDA:1,(anonymous_4)
FNDA:4,(anonymous_5)
FNDA:1,(anonymous_6)
FNDA:4,(anonymous_7)
FNDA:0,(anonymous_8)
FNDA:0,(anonymous_9)
FNDA:0,(anonymous_10)
FNDA:0,(anonymous_11)
FNDA:0,(anonymous_12)
FNDA:0,(anonymous_13)
FNDA:0,(anonymous_14)
FNDA:0,(anonymous_15)
DA:8,1
DA:9,7
DA:11,7
DA:75,7
DA:76,7
DA:77,7
DA:78,7
DA:83,7
DA:86,1
DA:90,1
DA:91,1
DA:95,1
DA:99,4
DA:103,4
DA:107,0
DA:108,0
DA:109,0
DA:110,0
DA:111,0
DA:116,0
DA:117,0
DA:118,0
DA:119,0
DA:120,0
DA:126,0
DA:127,0
DA:128,0
DA:132,0
DA:133,0
DA:134,0
DA:139,0
DA:143,0
DA:144,0
DA:145,0
DA:146,0
DA:150,0
DA:151,0
DA:152,0
DA:153,0
DA:157,0
DA:159,0
DA:160,0
DA:162,0
LF:43
LH:14
BRDA:99,0,0,4
BRDA:99,0,1,2
BRDA:107,1,0,0
BRDA:107,1,1,0
BRDA:107,1,2,0
BRDA:107,1,3,0
BRDA:116,2,0,0
BRDA:116,2,1,0
BRDA:116,2,2,0
BRDA:116,2,3,0
BRDA:157,3,0,0
BRDA:157,3,1,0
BRDA:157,4,0,0
BRDA:157,4,1,0
BRF:14
BRH:2
end_of_record
TN:
SF:src\app\client\auth\client-change-password.component.ts
FN:75,(anonymous_0)
FN:77,(anonymous_1)
FN:91,(anonymous_2)
FNF:3
FNH:3
FNDA:7,(anonymous_0)
FNDA:2,(anonymous_1)
FNDA:2,(anonymous_2)
DA:69,1
DA:70,7
DA:75,7
DA:78,2
DA:79,2
DA:81,2
DA:83,1
DA:84,1
DA:86,1
DA:92,2
LF:10
LH:10
BRDA:78,0,0,2
BRDA:81,1,0,1
BRDA:81,1,1,1
BRF:3
BRH:3
end_of_record
TN:
SF:src\app\client\auth\client-login.component.ts
FN:89,(anonymous_0)
FN:91,(anonymous_1)
FN:107,(anonymous_2)
FNF:3
FNH:3
FNDA:8,(anonymous_0)
FNDA:2,(anonymous_1)
FNDA:1,(anonymous_2)
DA:83,1
DA:84,8
DA:89,8
DA:92,2
DA:93,1
DA:96,1
DA:97,1
DA:100,1
DA:103,1
DA:108,1
LF:10
LH:10
BRDA:92,0,0,1
BRDA:92,0,1,1
BRF:2
BRH:2
end_of_record
TN:
SF:src\app\client\auth\client-mfa.component.ts
FN:72,(anonymous_0)
FN:74,(anonymous_1)
FNF:2
FNH:2
FNDA:8,(anonymous_0)
FNDA:2,(anonymous_1)
DA:62,1
DA:63,8
DA:72,8
DA:75,2
DA:77,1
DA:80,1
LF:6
LH:6
BRDA:75,0,0,1
BRDA:75,0,1,1
BRF:2
BRH:2
end_of_record
TN:
SF:src\app\client\auth\client-signup.component.ts
FN:140,(anonymous_0)
FN:142,(anonymous_1)
FN:160,(anonymous_2)
FNF:3
FNH:3
FNDA:8,(anonymous_0)
FNDA:2,(anonymous_1)
FNDA:1,(anonymous_2)
DA:128,1
DA:129,8
DA:140,8
DA:143,2
DA:144,2
DA:146,2
DA:148,1
DA:149,1
DA:152,1
DA:153,1
DA:155,1
DA:161,1
LF:12
LH:12
BRDA:143,0,0,2
BRDA:146,1,0,1
BRDA:146,1,1,1
BRF:3
BRH:3
end_of_record
TN:
SF:src\app\vendor\vendor-dashboard.component.ts
FN:223,(anonymous_0)
FN:225,(anonymous_1)
FN:229,(anonymous_2)
FN:233,(anonymous_3)
FN:237,(anonymous_4)
FN:242,(anonymous_5)
FN:252,(anonymous_6)
FN:264,(anonymous_7)
FN:269,(anonymous_8)
FN:279,(anonymous_9)
FN:283,(anonymous_10)
FN:284,(anonymous_11)
FN:287,(anonymous_12)
FN:288,(anonymous_13)
FN:292,(anonymous_14)
FN:294,(anonymous_15)
FN:295,(anonymous_16)
FN:299,(anonymous_17)
FN:301,(anonymous_18)
FN:315,(anonymous_19)
FN:329,(anonymous_20)
FN:330,(anonymous_21)
FN:335,(anonymous_22)
FN:343,(anonymous_23)
FN:344,(anonymous_24)
FN:366,(anonymous_25)
FN:371,(anonymous_26)
FN:373,(anonymous_27)
FN:378,(anonymous_28)
FN:386,(anonymous_29)
FN:387,(anonymous_30)
FN:422,(anonymous_31)
FN:436,(anonymous_32)
FN:442,(anonymous_33)
FN:448,(anonymous_34)
FN:466,(anonymous_35)
FN:472,(anonymous_36)
FN:474,(anonymous_37)
FN:476,(anonymous_38)
FN:480,(anonymous_39)
FN:491,(anonymous_40)
FN:499,(anonymous_41)
FN:505,(anonymous_42)
FN:507,(anonymous_43)
FN:517,(anonymous_44)
FN:521,(anonymous_45)
FN:526,(anonymous_46)
FN:532,(anonymous_47)
FN:539,(anonymous_48)
FN:542,(anonymous_49)
FN:543,(anonymous_50)
FN:544,(anonymous_51)
FN:545,(anonymous_52)
FN:546,(anonymous_53)
FN:558,(anonymous_54)
FN:578,(anonymous_55)
FN:579,(anonymous_56)
FN:582,(anonymous_57)
FN:583,(anonymous_58)
FN:591,(anonymous_59)
FN:609,(anonymous_60)
FN:614,(anonymous_61)
FN:615,(anonymous_62)
FN:623,(anonymous_63)
FN:624,(anonymous_64)
FN:631,(anonymous_65)
FN:645,(anonymous_66)
FN:686,(anonymous_67)
FN:697,(anonymous_68)
FN:706,(anonymous_69)
FN:761,(anonymous_70)
FN:768,(anonymous_71)
FN:781,(anonymous_72)
FN:782,(anonymous_73)
FN:785,(anonymous_74)
FN:786,(anonymous_75)
FN:789,(anonymous_76)
FN:793,(anonymous_77)
FN:794,(anonymous_78)
FN:797,(anonymous_79)
FN:800,(anonymous_80)
FN:806,(anonymous_81)
FN:812,(anonymous_82)
FN:823,(anonymous_83)
FN:827,(anonymous_84)
FN:831,(anonymous_85)
FN:832,(anonymous_86)
FN:835,(anonymous_87)
FN:839,(anonymous_88)
FN:840,(anonymous_89)
FN:843,(anonymous_90)
FN:844,(anonymous_91)
FN:847,(anonymous_92)
FN:848,(anonymous_93)
FN:851,(anonymous_94)
FN:860,(anonymous_95)
FN:866,(anonymous_96)
FN:882,(anonymous_97)
FN:887,(anonymous_98)
FN:890,(anonymous_99)
FN:911,(anonymous_100)
FN:916,(anonymous_101)
FN:924,(anonymous_102)
FN:930,(anonymous_103)
FN:942,(anonymous_104)
FN:946,(anonymous_105)
FN:950,(anonymous_106)
FN:955,(anonymous_107)
FN:961,(anonymous_108)
FN:1010,(anonymous_109)
FN:1014,(anonymous_110)
FN:1015,(anonymous_111)
FN:1023,(anonymous_112)
FN:1025,(anonymous_113)
FN:1034,(anonymous_114)
FN:1046,(anonymous_115)
FN:1050,(anonymous_116)
FN:1054,(anonymous_117)
FN:1059,(anonymous_118)
FN:1063,(anonymous_119)
FN:1064,(anonymous_120)
FN:1072,(anonymous_121)
FN:1074,(anonymous_122)
FNF:123
FNH:19
FNDA:5,(anonymous_0)
FNDA:5,(anonymous_1)
FNDA:5,(anonymous_2)
FNDA:1,(anonymous_3)
FNDA:1,(anonymous_4)
FNDA:1,(anonymous_5)
FNDA:0,(anonymous_6)
FNDA:0,(anonymous_7)
FNDA:0,(anonymous_8)
FNDA:0,(anonymous_9)
FNDA:0,(anonymous_10)
FNDA:0,(anonymous_11)
FNDA:0,(anonymous_12)
FNDA:0,(anonymous_13)
FNDA:0,(anonymous_14)
FNDA:0,(anonymous_15)
FNDA:0,(anonymous_16)
FNDA:0,(anonymous_17)
FNDA:0,(anonymous_18)
FNDA:0,(anonymous_19)
FNDA:0,(anonymous_20)
FNDA:0,(anonymous_21)
FNDA:0,(anonymous_22)
FNDA:0,(anonymous_23)
FNDA:0,(anonymous_24)
FNDA:0,(anonymous_25)
FNDA:0,(anonymous_26)
FNDA:0,(anonymous_27)
FNDA:0,(anonymous_28)
FNDA:0,(anonymous_29)
FNDA:0,(anonymous_30)
FNDA:0,(anonymous_31)
FNDA:0,(anonymous_32)
FNDA:0,(anonymous_33)
FNDA:0,(anonymous_34)
FNDA:0,(anonymous_35)
FNDA:0,(anonymous_36)
FNDA:0,(anonymous_37)
FNDA:0,(anonymous_38)
FNDA:0,(anonymous_39)
FNDA:0,(anonymous_40)
FNDA:0,(anonymous_41)
FNDA:0,(anonymous_42)
FNDA:0,(anonymous_43)
FNDA:70,(anonymous_44)
FNDA:70,(anonymous_45)
FNDA:0,(anonymous_46)
FNDA:0,(anonymous_47)
FNDA:5,(anonymous_48)
FNDA:35,(anonymous_49)
FNDA:35,(anonymous_50)
FNDA:35,(anonymous_51)
FNDA:35,(anonymous_52)
FNDA:35,(anonymous_53)
FNDA:20,(anonymous_54)
FNDA:0,(anonymous_55)
FNDA:0,(anonymous_56)
FNDA:0,(anonymous_57)
FNDA:0,(anonymous_58)
FNDA:0,(anonymous_59)
FNDA:0,(anonymous_60)
FNDA:0,(anonymous_61)
FNDA:0,(anonymous_62)
FNDA:0,(anonymous_63)
FNDA:0,(anonymous_64)
FNDA:0,(anonymous_65)
FNDA:0,(anonymous_66)
FNDA:0,(anonymous_67)
FNDA:0,(anonymous_68)
FNDA:0,(anonymous_69)
FNDA:0,(anonymous_70)
FNDA:0,(anonymous_71)
FNDA:10,(anonymous_72)
FNDA:70,(anonymous_73)
FNDA:10,(anonymous_74)
FNDA:70,(anonymous_75)
FNDA:0,(anonymous_76)
FNDA:0,(anonymous_77)
FNDA:0,(anonymous_78)
FNDA:0,(anonymous_79)
FNDA:0,(anonymous_80)
FNDA:0,(anonymous_81)
FNDA:0,(anonymous_82)
FNDA:0,(anonymous_83)
FNDA:0,(anonymous_84)
FNDA:0,(anonymous_85)
FNDA:0,(anonymous_86)
FNDA:0,(anonymous_87)
FNDA:0,(anonymous_88)
FNDA:0,(anonymous_89)
FNDA:0,(anonymous_90)
FNDA:0,(anonymous_91)
FNDA:0,(anonymous_92)
FNDA:0,(anonymous_93)
FNDA:0,(anonymous_94)
FNDA:0,(anonymous_95)
FNDA:0,(anonymous_96)
FNDA:0,(anonymous_97)
FNDA:0,(anonymous_98)
FNDA:0,(anonymous_99)
FNDA:0,(anonymous_100)
FNDA:0,(anonymous_101)
FNDA:0,(anonymous_102)
FNDA:0,(anonymous_103)
FNDA:0,(anonymous_104)
FNDA:0,(anonymous_105)
FNDA:0,(anonymous_106)
FNDA:0,(anonymous_107)
FNDA:0,(anonymous_108)
FNDA:0,(anonymous_109)
FNDA:0,(anonymous_110)
FNDA:0,(anonymous_111)
FNDA:0,(anonymous_112)
FNDA:0,(anonymous_113)
FNDA:0,(anonymous_114)
FNDA:0,(anonymous_115)
FNDA:0,(anonymous_116)
FNDA:0,(anonymous_117)
FNDA:0,(anonymous_118)
FNDA:0,(anonymous_119)
FNDA:0,(anonymous_120)
FNDA:0,(anonymous_121)
FNDA:0,(anonymous_122)
DA:9,1
DA:12,5
DA:13,5
DA:14,5
DA:16,5
DA:43,5
DA:105,5
DA:106,5
DA:107,5
DA:108,5
DA:111,5
DA:112,5
DA:121,5
DA:122,5
DA:123,5
DA:126,5
DA:127,5
DA:128,5
DA:129,5
DA:130,5
DA:131,5
DA:134,5
DA:135,5
DA:138,5
DA:158,5
DA:159,5
DA:160,5
DA:161,5
DA:162,5
DA:164,5
DA:172,5
DA:178,5
DA:210,5
DA:217,5
DA:223,5
DA:226,5
DA:234,1
DA:238,1
DA:239,1
DA:243,1
DA:248,1
DA:249,1
DA:253,0
DA:254,0
DA:261,0
DA:265,0
DA:266,0
DA:270,0
DA:271,0
DA:280,0
DA:284,0
DA:288,0
DA:289,0
DA:293,0
DA:294,0
DA:295,0
DA:300,0
DA:301,0
DA:303,0
DA:304,0
DA:305,0
DA:309,0
DA:310,0
DA:311,0
DA:312,0
DA:315,0
DA:316,0
DA:317,0
DA:319,0
DA:323,0
DA:325,0
DA:330,0
DA:333,0
DA:335,0
DA:340,0
DA:343,0
DA:344,0
DA:345,0
DA:346,0
DA:351,0
DA:352,0
DA:362,0
DA:363,0
DA:367,0
DA:368,0
DA:372,0
DA:373,0
DA:376,0
DA:378,0
DA:383,0
DA:386,0
DA:387,0
DA:388,0
DA:389,0
DA:394,0
DA:403,0
DA:406,0
DA:413,0
DA:415,0
DA:416,0
DA:418,0
DA:423,0
DA:424,0
DA:425,0
DA:428,0
DA:429,0
DA:430,0
DA:432,0
DA:437,0
DA:438,0
DA:439,0
DA:443,0
DA:444,0
DA:445,0
DA:449,0
DA:450,0
DA:451,0
DA:454,0
DA:462,0
DA:467,0
DA:468,0
DA:469,0
DA:473,0
DA:474,0
DA:475,0
DA:476,0
DA:478,0
DA:480,0
DA:486,0
DA:487,0
DA:492,0
DA:493,0
DA:494,0
DA:495,0
DA:500,0
DA:501,0
DA:502,0
DA:506,0
DA:507,0
DA:508,0
DA:509,0
DA:512,0
DA:513,0
DA:518,70
DA:522,70
DA:527,0
DA:528,0
DA:529,0
DA:533,0
DA:534,0
DA:535,0
DA:541,5
DA:542,35
DA:543,35
DA:544,35
DA:545,35
DA:546,35
DA:550,5
DA:551,5
DA:553,5
DA:554,5
DA:555,5
DA:556,5
DA:558,5
DA:559,20
DA:560,10
DA:561,10
DA:562,10
DA:565,20
DA:566,20
DA:568,20
DA:569,5
DA:570,15
DA:571,0
DA:575,5
DA:579,0
DA:583,0
DA:584,0
DA:591,0
DA:592,0
DA:593,0
DA:594,0
DA:595,0
DA:596,0
DA:597,0
DA:598,0
DA:600,0
DA:605,0
DA:610,0
DA:611,0
DA:615,0
DA:616,0
DA:617,0
DA:618,0
DA:620,0
DA:624,0
DA:632,0
DA:633,0
DA:634,0
DA:635,0
DA:636,0
DA:637,0
DA:639,0
DA:640,0
DA:647,0
DA:660,0
DA:673,0
DA:675,0
DA:676,0
DA:677,0
DA:678,0
DA:679,0
DA:680,0
DA:681,0
DA:682,0
DA:683,0
DA:687,0
DA:688,0
DA:689,0
DA:692,0
DA:693,0
DA:694,0
DA:697,0
DA:698,0
DA:699,0
DA:700,0
DA:701,0
DA:711,0
DA:744,0
DA:747,0
DA:749,0
DA:750,0
DA:751,0
DA:752,0
DA:755,0
DA:756,0
DA:757,0
DA:761,0
DA:762,0
DA:763,0
DA:764,0
DA:769,0
DA:770,0
DA:771,0
DA:772,0
DA:773,0
DA:775,0
DA:776,0
DA:777,0
DA:782,70
DA:786,70
DA:790,0
DA:794,0
DA:798,0
DA:799,0
DA:800,0
DA:801,0
DA:802,0
DA:807,0
DA:808,0
DA:809,0
DA:813,0
DA:814,0
DA:815,0
DA:817,0
DA:818,0
DA:819,0
DA:824,0
DA:828,0
DA:832,0
DA:836,0
DA:840,0
DA:844,0
DA:848,0
DA:852,0
DA:853,0
DA:854,0
DA:855,0
DA:857,0
DA:860,0
DA:861,0
DA:862,0
DA:867,0
DA:868,0
DA:869,0
DA:870,0
DA:872,0
DA:875,0
DA:876,0
DA:877,0
DA:879,0
DA:883,0
DA:884,0
DA:888,0
DA:890,0
DA:891,0
DA:892,0
DA:893,0
DA:897,0
DA:904,0
DA:906,0
DA:907,0
DA:912,0
DA:913,0
DA:916,0
DA:917,0
DA:918,0
DA:921,0
DA:925,0
DA:926,0
DA:931,0
DA:933,0
DA:936,0
DA:943,0
DA:946,0
DA:947,0
DA:950,0
DA:951,0
DA:956,0
DA:958,0
DA:961,0
DA:962,0
DA:963,0
DA:973,0
DA:980,0
DA:981,0
DA:985,0
DA:993,0
DA:1002,0
DA:1003,0
DA:1006,0
DA:1007,0
DA:1011,0
DA:1014,0
DA:1015,0
DA:1016,0
DA:1017,0
DA:1023,0
DA:1024,0
DA:1025,0
DA:1026,0
DA:1027,0
DA:1035,0
DA:1037,0
DA:1040,0
DA:1047,0
DA:1050,0
DA:1051,0
DA:1054,0
DA:1055,0
DA:1060,0
DA:1063,0
DA:1064,0
DA:1065,0
DA:1066,0
DA:1072,0
DA:1073,0
DA:1074,0
DA:1075,0
DA:1076,0
LF:360
LH:69
BRDA:270,0,0,0
BRDA:289,1,0,0
BRDA:289,1,1,0
BRDA:300,2,0,0
BRDA:300,2,1,0
BRDA:300,3,0,0
BRDA:300,3,1,0
BRDA:300,3,2,0
BRDA:300,3,3,0
BRDA:301,4,0,0
BRDA:301,4,1,0
BRDA:303,5,0,0
BRDA:309,6,0,0
BRDA:330,7,0,0
BRDA:330,7,1,0
BRDA:336,8,0,0
BRDA:336,8,1,0
BRDA:345,9,0,0
BRDA:351,10,0,0
BRDA:372,11,0,0
BRDA:372,11,1,0
BRDA:372,12,0,0
BRDA:372,12,1,0
BRDA:373,13,0,0
BRDA:373,13,1,0
BRDA:388,14,0,0
BRDA:428,15,0,0
BRDA:449,16,0,0
BRDA:449,17,0,0
BRDA:449,17,1,0
BRDA:455,18,0,0
BRDA:455,18,1,0
BRDA:456,19,0,0
BRDA:456,19,1,0
BRDA:457,20,0,0
BRDA:457,20,1,0
BRDA:459,21,0,0
BRDA:459,21,1,0
BRDA:473,22,0,0
BRDA:475,23,0,0
BRDA:476,24,0,0
BRDA:476,24,1,0
BRDA:481,25,0,0
BRDA:481,25,1,0
BRDA:492,26,0,0
BRDA:492,27,0,0
BRDA:492,27,1,0
BRDA:506,28,0,0
BRDA:508,29,0,0
BRDA:518,30,0,70
BRDA:518,30,1,60
BRDA:522,31,0,70
BRDA:522,31,1,60
BRDA:559,32,0,10
BRDA:559,32,1,10
BRDA:561,33,0,10
BRDA:568,34,0,5
BRDA:568,34,1,15
BRDA:570,35,0,0
BRDA:592,36,0,0
BRDA:593,37,0,0
BRDA:593,37,1,0
BRDA:595,38,0,0
BRDA:595,38,1,0
BRDA:597,39,0,0
BRDA:597,39,1,0
BRDA:597,40,0,0
BRDA:597,40,1,0
BRDA:611,41,0,0
BRDA:611,41,1,0
BRDA:633,42,0,0
BRDA:635,43,0,0
BRDA:635,43,1,0
BRDA:635,44,0,0
BRDA:635,44,1,0
BRDA:635,44,2,0
BRDA:687,45,0,0
BRDA:699,46,0,0
BRDA:756,47,0,0
BRDA:776,48,0,0
BRDA:782,49,0,70
BRDA:782,49,1,60
BRDA:782,49,2,50
BRDA:807,50,0,0
BRDA:808,51,0,0
BRDA:817,52,0,0
BRDA:818,53,0,0
BRDA:875,54,0,0
BRDA:888,55,0,0
BRDA:888,56,0,0
BRDA:888,56,1,0
BRDA:888,56,2,0
BRDA:891,57,0,0
BRDA:917,58,0,0
BRDA:931,59,0,0
BRDA:931,60,0,0
BRDA:931,60,1,0
BRDA:943,61,0,0
BRDA:951,62,0,0
BRDA:951,62,1,0
BRDA:956,63,0,0
BRDA:964,64,0,0
BRDA:964,64,1,0
BRDA:965,65,0,0
BRDA:965,65,1,0
BRDA:976,66,0,0
BRDA:976,66,1,0
BRDA:989,67,0,0
BRDA:989,67,1,0
BRDA:1011,68,0,0
BRDA:1016,69,0,0
BRDA:1024,70,0,0
BRDA:1024,71,0,0
BRDA:1024,71,1,0
BRDA:1026,72,0,0
BRDA:1035,73,0,0
BRDA:1035,74,0,0
BRDA:1035,74,1,0
BRDA:1047,75,0,0
BRDA:1055,76,0,0
BRDA:1055,76,1,0
BRDA:1060,77,0,0
BRDA:1065,78,0,0
BRDA:1073,79,0,0
BRDA:1073,80,0,0
BRDA:1073,80,1,0
BRDA:1075,81,0,0
BRF:127
BRH:12
end_of_record
TN:
SF:src\app\vendor\auth\vendor-change-password.component.ts
FN:75,(anonymous_0)
FN:77,(anonymous_1)
FN:91,(anonymous_2)
FNF:3
FNH:3
FNDA:7,(anonymous_0)
FNDA:2,(anonymous_1)
FNDA:2,(anonymous_2)
DA:69,1
DA:70,7
DA:75,7
DA:78,2
DA:79,2
DA:81,2
DA:83,1
DA:84,1
DA:86,1
DA:92,2
LF:10
LH:10
BRDA:78,0,0,2
BRDA:81,1,0,1
BRDA:81,1,1,1
BRF:3
BRH:3
end_of_record
TN:
SF:src\app\vendor\auth\vendor-login.component.ts
FN:89,(anonymous_0)
FN:91,(anonymous_1)
FN:107,(anonymous_2)
FNF:3
FNH:3
FNDA:8,(anonymous_0)
FNDA:2,(anonymous_1)
FNDA:1,(anonymous_2)
DA:83,1
DA:84,8
DA:89,8
DA:92,2
DA:93,1
DA:96,1
DA:97,1
DA:100,1
DA:103,1
DA:108,1
LF:10
LH:10
BRDA:92,0,0,1
BRDA:92,0,1,1
BRF:2
BRH:2
end_of_record
TN:
SF:src\app\vendor\auth\vendor-mfa.component.ts
FN:72,(anonymous_0)
FN:74,(anonymous_1)
FNF:2
FNH:2
FNDA:8,(anonymous_0)
FNDA:2,(anonymous_1)
DA:62,1
DA:63,8
DA:72,8
DA:75,2
DA:77,1
DA:80,1
LF:6
LH:6
BRDA:75,0,0,1
BRDA:75,0,1,1
BRF:2
BRH:2
end_of_record
TN:
SF:src\app\vendor\auth\vendor-signup.component.ts
FN:129,(anonymous_0)
FN:131,(anonymous_1)
FN:149,(anonymous_2)
FNF:3
FNH:3
FNDA:8,(anonymous_0)
FNDA:2,(anonymous_1)
FNDA:1,(anonymous_2)
DA:118,1
DA:119,8
DA:129,8
DA:132,2
DA:133,2
DA:135,2
DA:137,1
DA:138,1
DA:141,1
DA:142,1
DA:144,1
DA:150,1
LF:12
LH:12
BRDA:132,0,0,2
BRDA:135,1,0,1
BRDA:135,1,1,1
BRF:3
BRH:3
end_of_record
